[    0.000000] Linux version 4.15.0-210-generic (buildd@lcy02-amd64-056) (gcc version 7.5.0 (Ubuntu 7.5.0-3ubuntu1~18.04)) #221-Ubuntu SMP Tue Apr 18 08:32:52 UTC 2023 (Ubuntu 4.15.0-210.221-generic 4.15.18)
[    0.000000] Command line: BOOT_IMAGE=/boot/vmlinuz-4.15.0-210-generic root=LABEL=cloudimg-rootfs ro console=tty1 console=ttyS0
[    0.000000] KERNEL supported cpus:
[    0.000000]   Intel GenuineIntel
[    0.000000]   AMD AuthenticAMD
[    0.000000]   Centaur CentaurHauls
[    0.000000] x86/fpu: Supporting XSAVE feature 0x001: 'x87 floating point registers'
[    0.000000] x86/fpu: Supporting XSAVE feature 0x002: 'SSE registers'
[    0.000000] x86/fpu: Supporting XSAVE feature 0x004: 'AVX registers'
[    0.000000] x86/fpu: xstate_offset[2]:  576, xstate_sizes[2]:  256
[    0.000000] x86/fpu: Enabled xstate features 0x7, context size is 832 bytes, using 'standard' format.
[    0.000000] e820: BIOS-provided physical RAM map:
[    0.000000] BIOS-e820: [mem 0x0000000000000000-0x000000000009fbff] usable
[    0.000000] BIOS-e820: [mem 0x000000000009fc00-0x000000000009ffff] reserved
[    0.000000] BIOS-e820: [mem 0x00000000000f0000-0x00000000000fffff] reserved
[    0.000000] BIOS-e820: [mem 0x0000000000100000-0x000000003ffeffff] usable
[    0.000000] BIOS-e820: [mem 0x000000003fff0000-0x000000003fffffff] ACPI data
[    0.000000] BIOS-e820: [mem 0x00000000fec00000-0x00000000fec00fff] reserved
[    0.000000] BIOS-e820: [mem 0x00000000fee00000-0x00000000fee00fff] reserved
[    0.000000] BIOS-e820: [mem 0x00000000fffc0000-0x00000000ffffffff] reserved
[    0.000000] NX (Execute Disable) protection: active
[    0.000000] SMBIOS 2.5 present.
[    0.000000] DMI: innotek GmbH VirtualBox/VirtualBox, BIOS VirtualBox 12/01/2006
[    0.000000] Hypervisor detected: KVM
[    0.000000] e820: last_pfn = 0x3fff0 max_arch_pfn = 0x400000000
[    0.000000] MTRR: Disabled
[    0.000000] x86/PAT: MTRRs disabled, skipping PAT initialization too.
[    0.000000] CPU MTRRs all blank - virtualized system.
[    0.000000] x86/PAT: Configuration [0-7]: WB  WT  UC- UC  WB  WT  UC- UC  
[    0.000000] found SMP MP-table at [mem 0x0009fff0-0x0009ffff]
[    0.000000] Scanning 1 areas for low memory corruption
[    0.000000] RAMDISK: [mem 0x359c9000-0x36cdbfff]
[    0.000000] ACPI: Early table checksum verification disabled
[    0.000000] ACPI: RSDP 0x00000000000E0000 000024 (v02 VBOX  )
[    0.000000] ACPI: XSDT 0x000000003FFF0030 00003C (v01 VBOX   VBOXXSDT 00000001 ASL  00000061)
[    0.000000] ACPI: FACP 0x000000003FFF00F0 0000F4 (v04 VBOX   VBOXFACP 00000001 ASL  00000061)
[    0.000000] ACPI: DSDT 0x000000003FFF0470 002325 (v02 VBOX   VBOXBIOS 00000002 INTL 20200925)
[    0.000000] ACPI: FACS 0x000000003FFF0200 000040
[    0.000000] ACPI: FACS 0x000000003FFF0200 000040
[    0.000000] ACPI: APIC 0x000000003FFF0240 00005C (v02 VBOX   VBOXAPIC 00000001 ASL  00000061)
[    0.000000] ACPI: SSDT 0x000000003FFF02A0 0001CC (v01 VBOX   VBOXCPUT 00000002 INTL 20200925)
[    0.000000] ACPI: Reserving FACP table memory at [mem 0x3fff00f0-0x3fff01e3]
[    0.000000] ACPI: Reserving DSDT table memory at [mem 0x3fff0470-0x3fff2794]
[    0.000000] ACPI: Reserving FACS table memory at [mem 0x3fff0200-0x3fff023f]
[    0.000000] ACPI: Reserving FACS table memory at [mem 0x3fff0200-0x3fff023f]
[    0.000000] ACPI: Reserving APIC table memory at [mem 0x3fff0240-0x3fff029b]
[    0.000000] ACPI: Reserving SSDT table memory at [mem 0x3fff02a0-0x3fff046b]
[    0.000000] No NUMA configuration found
[    0.000000] Faking a node at [mem 0x0000000000000000-0x000000003ffeffff]
[    0.000000] NODE_DATA(0) allocated [mem 0x3ffc5000-0x3ffeffff]
[    0.000000] kvm-clock: cpu 0, msr 0:3ff44001, primary cpu clock
[    0.000000] kvm-clock: Using msrs 4b564d01 and 4b564d00
[    0.000000] kvm-clock: using sched offset of 3118278607 cycles
[    0.000000] clocksource: kvm-clock: mask: 0xffffffffffffffff max_cycles: 0x1cd42e4dffb, max_idle_ns: 881590591483 ns
[    0.000000] Zone ranges:
[    0.000000]   DMA      [mem 0x0000000000001000-0x0000000000ffffff]
[    0.000000]   DMA32    [mem 0x0000000001000000-0x000000003ffeffff]
[    0.000000]   Normal   empty
[    0.000000]   Device   empty
[    0.000000] Movable zone start for each node
[    0.000000] Early memory node ranges
[    0.000000]   node   0: [mem 0x0000000000001000-0x000000000009efff]
[    0.000000]   node   0: [mem 0x0000000000100000-0x000000003ffeffff]
[    0.000000] Reserved but unavailable: 104 pages
[    0.000000] Initmem setup node 0 [mem 0x0000000000001000-0x000000003ffeffff]
[    0.000000] ACPI: PM-Timer IO Port: 0x4008
[    0.000000] IOAPIC[0]: apic_id 2, version 32, address 0xfec00000, GSI 0-23
[    0.000000] ACPI: INT_SRC_OVR (bus 0 bus_irq 0 global_irq 2 dfl dfl)
[    0.000000] ACPI: INT_SRC_OVR (bus 0 bus_irq 9 global_irq 9 low level)
[    0.000000] Using ACPI (MADT) for SMP configuration information
[    0.000000] smpboot: Allowing 2 CPUs, 0 hotplug CPUs
[    0.000000] PM: Registered nosave memory: [mem 0x00000000-0x00000fff]
[    0.000000] PM: Registered nosave memory: [mem 0x0009f000-0x0009ffff]
[    0.000000] PM: Registered nosave memory: [mem 0x000a0000-0x000effff]
[    0.000000] PM: Registered nosave memory: [mem 0x000f0000-0x000fffff]
[    0.000000] e820: [mem 0x40000000-0xfebfffff] available for PCI devices
[    0.000000] Booting paravirtualized kernel on KVM
[    0.000000] clocksource: refined-jiffies: mask: 0xffffffff max_cycles: 0xffffffff, max_idle_ns: 7645519600211568 ns
[    0.000000] setup_percpu: NR_CPUS:8192 nr_cpumask_bits:2 nr_cpu_ids:2 nr_node_ids:1
[    0.000000] percpu: Embedded 50 pages/cpu s167936 r8192 d28672 u1048576
[    0.000000] PV qspinlock hash table entries: 256 (order: 0, 4096 bytes)
[    0.000000] Built 1 zonelists, mobility grouping on.  Total pages: 257913
[    0.000000] Policy zone: DMA32
[    0.000000] Kernel command line: BOOT_IMAGE=/boot/vmlinuz-4.15.0-210-generic root=LABEL=cloudimg-rootfs ro console=tty1 console=ttyS0
[    0.000000] Memory: 982640K/1048120K available (12300K kernel code, 2477K rwdata, 4324K rodata, 2480K init, 2720K bss, 65480K reserved, 0K cma-reserved)
[    0.000000] SLUB: HWalign=64, Order=0-3, MinObjects=0, CPUs=2, Nodes=1
[    0.000000] Kernel/User page tables isolation: enabled
[    0.000000] ftrace: allocating 39506 entries in 155 pages
[    0.004000] Hierarchical RCU implementation.
[    0.004000] 	RCU restricting CPUs from NR_CPUS=8192 to nr_cpu_ids=2.
[    0.004000] 	Tasks RCU enabled.
[    0.004000] RCU: Adjusting geometry for rcu_fanout_leaf=16, nr_cpu_ids=2
[    0.004000] NR_IRQS: 524544, nr_irqs: 440, preallocated irqs: 16
[    0.004000] random: crng init done
[    0.004000] Console: colour VGA+ 80x25
[    0.004000] console [tty1] enabled
[    0.004000] console [ttyS0] enabled
[    0.004000] ACPI: Core revision 20170831
[    0.004000] ACPI: 2 ACPI AML tables successfully acquired and loaded
[    0.004000] APIC: Switch to symmetric I/O mode setup
[    0.004000] x2apic enabled
[    0.004000] Switched APIC routing to physical x2apic.
[    0.004000] ..TIMER: vector=0x30 apic1=0 pin1=2 apic2=-1 pin2=-1
[    0.004000] tsc: Detected 2903.998 MHz processor
[    0.004000] Calibrating delay loop (skipped) preset value.. 5807.99 BogoMIPS (lpj=11615992)
[    0.004003] pid_max: default: 32768 minimum: 301
[    0.004517] Security Framework initialized
[    0.004963] Yama: becoming mindful.
[    0.005363] AppArmor: AppArmor initialized
[    0.005900] Dentry cache hash table entries: 131072 (order: 8, 1048576 bytes)
[    0.006698] Inode-cache hash table entries: 65536 (order: 7, 524288 bytes)
[    0.007406] Mount-cache hash table entries: 2048 (order: 2, 16384 bytes)
[    0.008004] Mountpoint-cache hash table entries: 2048 (order: 2, 16384 bytes)
[    0.008968] Last level iTLB entries: 4KB 64, 2MB 8, 4MB 8
[    0.009555] Last level dTLB entries: 4KB 64, 2MB 0, 4MB 0, 1GB 4
[    0.010179] Spectre V1 : Mitigation: usercopy/swapgs barriers and __user pointer sanitization
[    0.011075] Spectre V2 : Mitigation: Retpolines
[    0.012001] Spectre V2 : Spectre v2 / SpectreRSB mitigation: Filling RSB on context switch
[    0.012881] Spectre V2 : Spectre v2 / SpectreRSB : Filling RSB on VMEXIT
[    0.013568] RETBleed: WARNING: Spectre v2 mitigation leaves CPU vulnerable to RETBleed attacks, data leaks possible!
[    0.014657] RETBleed: Vulnerable
[    0.015031] Speculative Store Bypass: Vulnerable
[    0.015602] MDS: Mitigation: Clear CPU buffers
[    0.016001] MMIO Stale Data: Mitigation: Clear CPU buffers
[    0.016592] SRBDS: Unknown: Dependent on hypervisor status
[    0.017291] Freeing SMP alternatives memory: 36K
[    0.127466] smpboot: CPU0: Intel(R) Core(TM) i7-10700 CPU @ 2.90GHz (family: 0x6, model: 0xa5, stepping: 0x5)
[    0.128000] Performance Events: unsupported p6 CPU model 165 no PMU driver, software events only.
[    0.128000] Hierarchical SRCU implementation.
[    0.128159] NMI watchdog: Perf event create on CPU 0 failed with -2
[    0.128803] NMI watchdog: Perf NMI watchdog permanently disabled
[    0.129459] smp: Bringing up secondary CPUs ...
[    0.129994] x86: Booting SMP configuration:
[    0.132001] .... node  #0, CPUs:      #1
[    0.004000] kvm-clock: cpu 1, msr 0:3ff44041, secondary cpu clock
[    0.134990] smp: Brought up 1 node, 2 CPUs
[    0.134990] smpboot: Max logical packages: 1
[    0.136003] smpboot: Total of 2 processors activated (11615.99 BogoMIPS)
[    0.136778] devtmpfs: initialized
[    0.136778] x86/mm: Memory block size: 128MB
[    0.136961] evm: security.selinux
[    0.137334] evm: security.SMACK64
[    0.137703] evm: security.SMACK64EXEC
[    0.138104] evm: security.SMACK64TRANSMUTE
[    0.138549] evm: security.SMACK64MMAP
[    0.138956] evm: security.apparmor
[    0.140002] evm: security.ima
[    0.140341] evm: security.capability
[    0.140768] clocksource: jiffies: mask: 0xffffffff max_cycles: 0xffffffff, max_idle_ns: 7645041785100000 ns
[    0.141000] futex hash table entries: 512 (order: 3, 32768 bytes)
[    0.141650] pinctrl core: initialized pinctrl subsystem
[    0.142633] RTC time:  3:56:46, date: 05/20/23
[    0.144085] NET: Registered protocol family 16
[    0.144606] audit: initializing netlink subsys (disabled)
[    0.145187] audit: type=2000 audit(1684555010.522:1): state=initialized audit_enabled=0 res=1
[    0.145187] cpuidle: using governor ladder
[    0.145187] cpuidle: using governor menu
[    0.145187] ACPI: bus type PCI registered
[    0.145344] acpiphp: ACPI Hot Plug PCI Controller Driver version: 0.5
[    0.148061] PCI: Using configuration type 1 for base access
[    0.148663] HugeTLB registered 2.00 MiB page size, pre-allocated 0 pages
[    0.148716] ACPI: Added _OSI(Module Device)
[    0.148716] ACPI: Added _OSI(Processor Device)
[    0.148983] ACPI: Added _OSI(3.0 _SCP Extensions)
[    0.152003] ACPI: Added _OSI(Processor Aggregator Device)
[    0.152568] ACPI: Added _OSI(Linux-Dell-Video)
[    0.153045] ACPI: Added _OSI(Linux-Lenovo-NV-HDMI-Audio)
[    0.153601] ACPI: Added _OSI(Linux-HPI-Hybrid-Graphics)
[    0.154324] ACPI: Executed 1 blocks of module-level executable AML code
[    0.157243] ACPI: Interpreter enabled
[    0.157665] ACPI: (supports S0 S5)
[    0.158047] ACPI: Using IOAPIC for interrupt routing
[    0.158715] PCI: Using host bridge windows from ACPI; if necessary, use "pci=nocrs" and report a bug
[    0.159771] ACPI: Enabled 2 GPEs in block 00 to 07
[    0.164127] ACPI: PCI Root Bridge [PCI0] (domain 0000 [bus 00-ff])
[    0.164977] acpi PNP0A03:00: _OSC: OS supports [ASPM ClockPM Segments MSI]
[    0.166001] acpi PNP0A03:00: _OSC: not requesting OS control; OS requires [ExtendedConfig ASPM ClockPM MSI]
[    0.167056] acpi PNP0A03:00: fail to add MMCONFIG information, can't access extended PCI configuration space under this bridge.
[    0.168253] PCI host bridge to bus 0000:00
[    0.169091] pci_bus 0000:00: root bus resource [io  0x0000-0x0cf7 window]
[    0.169792] pci_bus 0000:00: root bus resource [io  0x0d00-0xffff window]
[    0.170495] pci_bus 0000:00: root bus resource [mem 0x000a0000-0x000bffff window]
[    0.171309] pci_bus 0000:00: root bus resource [mem 0x40000000-0xfdffffff window]
[    0.172002] pci_bus 0000:00: root bus resource [bus 00-ff]
[    0.173789] pci 0000:00:01.1: legacy IDE quirk: reg 0x10: [io  0x01f0-0x01f7]
[    0.174528] pci 0000:00:01.1: legacy IDE quirk: reg 0x14: [io  0x03f6]
[    0.175206] pci 0000:00:01.1: legacy IDE quirk: reg 0x18: [io  0x0170-0x0177]
[    0.176002] pci 0000:00:01.1: legacy IDE quirk: reg 0x1c: [io  0x0376]
[    0.184916] pci 0000:00:07.0: quirk: [io  0x4000-0x403f] claimed by PIIX4 ACPI
[    0.185738] pci 0000:00:07.0: quirk: [io  0x4100-0x410f] claimed by PIIX4 SMB
[    0.189326] ACPI: PCI Interrupt Link [LNKA] (IRQs 5 9 10 *11)
[    0.190142] ACPI: PCI Interrupt Link [LNKB] (IRQs 5 9 *10 11)
[    0.190831] ACPI: PCI Interrupt Link [LNKC] (IRQs 5 *9 10 11)
[    0.191506] ACPI: PCI Interrupt Link [LNKD] (IRQs 5 9 10 *11)
[    0.192255] SCSI subsystem initialized
[    0.192710] pci 0000:00:02.0: vgaarb: setting as boot VGA device
[    0.192710] pci 0000:00:02.0: vgaarb: VGA device added: decodes=io+mem,owns=io+mem,locks=none
[    0.193526] pci 0000:00:02.0: vgaarb: bridge control possible
[    0.194129] vgaarb: loaded
[    0.194460] ACPI: bus type USB registered
[    0.196010] usbcore: registered new interface driver usbfs
[    0.196627] usbcore: registered new interface driver hub
[    0.197191] usbcore: registered new device driver usb
[    0.197768] EDAC MC: Ver: 3.0.0
[    0.197768] PCI: Using ACPI for IRQ routing
[    0.197768] NetLabel: Initializing
[    0.197768] NetLabel:  domain hash size = 128
[    0.197768] NetLabel:  protocols = UNLABELED CIPSOv4 CALIPSO
[    0.200013] NetLabel:  unlabeled traffic allowed by default
[    0.200603] clocksource: Switched to clocksource kvm-clock
[    0.210624] VFS: Disk quotas dquot_6.6.0
[    0.211185] VFS: Dquot-cache hash table entries: 512 (order 0, 4096 bytes)
[    0.211959] AppArmor: AppArmor Filesystem Enabled
[    0.212526] pnp: PnP ACPI init
[    0.213478] pnp: PnP ACPI: found 3 devices
[    0.220414] clocksource: acpi_pm: mask: 0xffffff max_cycles: 0xffffff, max_idle_ns: 2085701024 ns
[    0.222713] NET: Registered protocol family 2
[    0.224001] IP idents hash table entries: 16384 (order: 5, 131072 bytes)
[    0.225432] TCP established hash table entries: 8192 (order: 4, 65536 bytes)
[    0.226168] TCP bind hash table entries: 8192 (order: 5, 131072 bytes)
[    0.226853] TCP: Hash tables configured (established 8192 bind 8192)
[    0.227523] UDP hash table entries: 512 (order: 2, 16384 bytes)
[    0.228151] UDP-Lite hash table entries: 512 (order: 2, 16384 bytes)
[    0.228869] NET: Registered protocol family 1
[    0.229350] pci 0000:00:00.0: Limiting direct PCI/PCI transfers
[    0.229983] pci 0000:00:01.0: Activating ISA DMA hang workarounds
[    0.230661] pci 0000:00:02.0: Video device with shadowed ROM at [mem 0x000c0000-0x000dffff]
[    0.231583] Unpacking initramfs...
[    0.431754] Freeing initrd memory: 19532K
[    0.432348] clocksource: tsc: mask: 0xffffffffffffffff max_cycles: 0x29dc03c1beb, max_idle_ns: 440795205215 ns
[    0.433434] platform rtc_cmos: registered platform RTC device (no PNP device found)
[    0.434255] Scanning for low memory corruption every 60 seconds
[    0.435346] Initialise system trusted keyrings
[    0.435871] Key type blacklist registered
[    0.436367] workingset: timestamp_bits=36 max_order=18 bucket_order=0
[    0.437607] zbud: loaded
[    0.438289] squashfs: version 4.0 (2009/01/31) Phillip Lougher
[    0.439000] fuse init (API version 7.26)
[    0.440430] Key type asymmetric registered
[    0.440886] Asymmetric key parser 'x509' registered
[    0.441424] Block layer SCSI generic (bsg) driver version 0.4 loaded (major 246)
[    0.442224] io scheduler noop registered
[    0.442656] io scheduler deadline registered
[    0.443801] io scheduler cfq registered (default)
[    0.444552] ACPI: AC Adapter [AC] (on-line)
[    0.445050] input: Power Button as /devices/LNXSYSTM:00/LNXPWRBN:00/input/input0
[    0.445917] ACPI: Power Button [PWRF]
[    0.446375] input: Sleep Button as /devices/LNXSYSTM:00/LNXSLPBN:00/input/input1
[    0.447182] ACPI: Sleep Button [SLPF]
[    0.447814] Serial: 8250/16550 driver, 32 ports, IRQ sharing enabled
[    0.468948] 00:02: ttyS0 at I/O 0x3f8 (irq = 4, base_baud = 115200) is a 16550A
[    0.471179] Linux agpgart interface v0.103
[    0.472872] loop: module loaded
[    0.473545] scsi host0: ata_piix
[    0.473976] scsi host1: ata_piix
[    0.474358] ata1: PATA max UDMA/33 cmd 0x1f0 ctl 0x3f6 bmdma 0xd000 irq 14
[    0.475065] ata2: PATA max UDMA/33 cmd 0x170 ctl 0x376 bmdma 0xd008 irq 15
[    0.475846] tun: Universal TUN/TAP device driver, 1.6
[    0.476447] PPP generic driver version 2.4.2
[    0.476963] ehci_hcd: USB 2.0 'Enhanced' Host Controller (EHCI) Driver
[    0.477654] ehci-pci: EHCI PCI platform driver
[    0.478144] ehci-platform: EHCI generic platform driver
[    0.478702] ohci_hcd: USB 1.1 'Open' Host Controller (OHCI) Driver
[    0.479345] ohci-pci: OHCI PCI platform driver
[    0.479831] ohci-platform: OHCI generic platform driver
[    0.480404] uhci_hcd: USB Universal Host Controller Interface driver
[    0.481103] i8042: PNP: PS/2 Controller [PNP0303:PS2K,PNP0f03:PS2M] at 0x60,0x64 irq 1,12
[    0.482308] serio: i8042 KBD port at 0x60,0x64 irq 1
[    0.482893] serio: i8042 AUX port at 0x60,0x64 irq 12
[    0.483512] mousedev: PS/2 mouse device common for all mice
[    0.484424] input: AT Translated Set 2 keyboard as /devices/platform/i8042/serio0/input/input2
[    0.485352] rtc_cmos rtc_cmos: rtc core: registered rtc_cmos as rtc0
[    0.486151] rtc_cmos rtc_cmos: alarms up to one day, 114 bytes nvram
[    0.486810] i2c /dev entries driver
[    0.487231] device-mapper: uevent: version 1.0.3
[    0.487798] device-mapper: ioctl: 4.37.0-ioctl (2017-09-20) initialised: dm-devel@redhat.com
[    0.488749] ledtrig-cpu: registered to indicate activity on CPUs
[    0.489559] NET: Registered protocol family 10
[    0.492130] Segment Routing with IPv6
[    0.492558] NET: Registered protocol family 17
[    0.493075] Key type dns_resolver registered
[    0.493639] mce: Using 0 MCE banks
[    0.494043] RAS: Correctable Errors collector initialized.
[    0.494656] sched_clock: Marking stable (493623138, 0)->(590270013, -96646875)
[    0.495681] registered taskstats version 1
[    0.496148] Loading compiled-in X.509 certificates
[    0.497966] Loaded X.509 cert 'Build time autogenerated kernel key: 53bf99db7da04c05fe17f7beec9ce15c83db2223'
[    0.499353] Loaded X.509 cert 'Canonical Ltd. Live Patch Signing: 14df34d1a87cf37625abec039ef2bf521249b969'
[    0.500772] Loaded X.509 cert 'Canonical Ltd. Kernel Module Signing: 88f752e560a1e0737e31163a466ad7b70a850c19'
[    0.501799] blacklist: Loading compiled-in revocation X.509 certificates
[    0.502492] Loaded X.509 cert 'Canonical Ltd. Secure Boot Signing: 61482aa2830d0ab2ad5af10b7250da9033ddcef0'
[    0.503514] Loaded X.509 cert 'Canonical Ltd. Secure Boot Signing (2017): 242ade75ac4a15e50d50c84b0d45ff3eae707a03'
[    0.504618] Loaded X.509 cert 'Canonical Ltd. Secure Boot Signing (ESM 2018): 365188c1d374d6b07c3c8f240f8ef722433d6a8b'
[    0.505763] Loaded X.509 cert 'Canonical Ltd. Secure Boot Signing (2019): c0746fd6c5da3ae827864651ad66ae47fe24b3e8'
[    0.506844] Loaded X.509 cert 'Canonical Ltd. Secure Boot Signing (2021 v1): a8d54bbb3825cfb94fa13c9f8a594a195c107b8d'
[    0.507946] Loaded X.509 cert 'Canonical Ltd. Secure Boot Signing (2021 v2): 4cf046892d6fd3c9a5b03f98d845f90851dc6a8c'
[    0.509079] Loaded X.509 cert 'Canonical Ltd. Secure Boot Signing (2021 v3): 100437bb6de6e469b581e61cd66bce3ef4ed53af'
[    0.510179] Loaded X.509 cert 'Canonical Ltd. Secure Boot Signing (Ubuntu Core 2019): c1d57b8f6b743f23ee41f4f7ee292f06eecadfb9'
[    0.511367] zswap: loaded using pool lzo/zbud
[    0.513926] Key type big_key registered
[    0.514359] Key type trusted registered
[    0.515708] Key type encrypted registered
[    0.516169] AppArmor: AppArmor sha1 policy hashing enabled
[    0.516793] ima: No TPM chip found, activating TPM-bypass! (rc=-19)
[    0.517452] ima: Allocated hash algorithm: sha1
[    0.517948] evm: HMAC attrs: 0x1
[    0.518443]   Magic number: 7:702:917
[    0.518910] rtc_cmos rtc_cmos: setting system clock to 2023-05-20 03:56:46 UTC (1684555006)
[    0.519842] BIOS EDD facility v0.16 2004-Jun-25, 0 devices found
[    0.520495] EDD information not available.
[    0.657543] Freeing unused kernel image memory: 2480K
[    0.758827] Write protecting the kernel read-only data: 20480k
[    0.759960] Freeing unused kernel image memory: 2008K
[    0.760745] Freeing unused kernel image memory: 1820K
[    0.767022] x86/mm: Checked W+X mappings: passed, no W+X pages found.
[    0.768556] x86/mm: Checking user space page tables
[    0.774573] x86/mm: Checked W+X mappings: passed, no W+X pages found.
Loading, please wait...
starting version 237
[    0.815306] e1000: Intel(R) PRO/1000 Network Driver - version 7.3.21-k8-NAPI
[    0.816222] e1000: Copyright (c) 1999-2006 Intel Corporation.
[    0.817551] Fusion MPT base driver 3.04.20
[    0.818061] Copyright (c) 1999-2008 LSI Corporation
[    0.820676] Fusion MPT SPI Host driver 3.04.20
[    0.829097] AVX2 version of gcm_enc/dec engaged.
[    0.829740] AES CTR mode by8 optimization enabled
[    1.042355] input: ImExPS/2 Generic Explorer Mouse as /devices/platform/i8042/serio1/input/input4
[    1.447783] e1000 0000:00:03.0 eth0: (PCI:33MHz:32-bit) 02:3e:6f:b6:28:d7
[    1.448575] e1000 0000:00:03.0 eth0: Intel(R) PRO/1000 Network Connection
[    1.450089] mptbase: ioc0: Initiating bringup
[    1.451060] e1000 0000:00:03.0 enp0s3: renamed from eth0
[    2.376217] ioc0: LSI53C1030 A0: Capabilities={Initiator}
[    5.476942] scsi host2: ioc0: LSI53C1030 A0, FwRev=00000000h, Ports=1, MaxQ=256, IRQ=20
[    7.660045] scsi 2:0:0:0: Direct-Access     VBOX     HARDDISK         1.0  PQ: 0 ANSI: 5
[    7.692050] scsi target2:0:0: Beginning Domain Validation
[    7.693696] scsi target2:0:0: Domain Validation skipping write tests
[    7.694366] scsi target2:0:0: Ending Domain Validation
[    7.694942] scsi target2:0:0: asynchronous
[    7.695635] scsi 2:0:1:0: Direct-Access     VBOX     HARDDISK         1.0  PQ: 0 ANSI: 5
[    7.728024] scsi target2:0:1: Beginning Domain Validation
[    7.729759] scsi target2:0:1: Domain Validation skipping write tests
[    7.730424] scsi target2:0:1: Ending Domain Validation
[    7.731018] scsi target2:0:1: asynchronous
[    7.733675] sd 2:0:0:0: Attached scsi generic sg0 type 0
[    7.733706] sd 2:0:0:0: [sda] 83886080 512-byte logical blocks: (42.9 GB/40.0 GiB)
[    7.734484] sd 2:0:1:0: Attached scsi generic sg1 type 0
[    7.735099] sd 2:0:0:0: [sda] Write Protect is off
[    7.736238] sd 2:0:0:0: [sda] Incomplete mode parameter data
[    7.736243] sd 2:0:1:0: [sdb] 20480 512-byte logical blocks: (10.5 MB/10.0 MiB)
[    7.736875] sd 2:0:0:0: [sda] Assuming drive cache: write through
[    7.738335] sd 2:0:1:0: [sdb] Write Protect is off
[    7.738943] sd 2:0:1:0: [sdb] Incomplete mode parameter data
[    7.739551] sd 2:0:1:0: [sdb] Assuming drive cache: write through
[    7.739782]  sda: sda1
[    7.740924] sd 2:0:0:0: [sda] Attached SCSI disk
[    7.742249] sd 2:0:1:0: [sdb] Attached SCSI disk
Begin: Loading essential drivers ... [    9.087556] raid6: sse2x1   gen() 16842 MB/s
[    9.159688] raid6: sse2x1   xor() 11574 MB/s
[    9.211794] raid6: sse2x2   gen() 20785 MB/s
[    9.263456] raid6: sse2x2   xor() 13295 MB/s
[    9.315616] raid6: sse2x4   gen() 22059 MB/s
[    9.371715] raid6: sse2x4   xor() 14242 MB/s
[    9.420047] raid6: avx2x1   gen() 31088 MB/s
[    9.475725] raid6: avx2x1   xor() 21384 MB/s
[    9.531723] raid6: avx2x2   gen() 42444 MB/s
[    9.580046] raid6: avx2x2   xor() 23669 MB/s
[    9.635731] raid6: avx2x4   gen() 48281 MB/s
[    9.688234] raid6: avx2x4   xor() 27435 MB/s
[    9.688738] raid6: using algorithm avx2x4 gen() 48281 MB/s
[    9.689316] raid6: .... xor() 27435 MB/s, rmw enabled
[    9.689852] raid6: using avx2x2 recovery algorithm
[    9.691270] xor: automatically using best checksumming function   avx       
[    9.692815] async_tx: api initialized (async)
done.
Begin: Running /scripts/init-premount ... done.
Begin: Mounting root file system ... Begin: Running /scripts/local-top ... done.
Begin: Running /scripts/local-premount ... [    9.723622] Btrfs loaded, crc32c=crc32c-intel
Scanning for Btrfs filesystems
done.
Warning: fsck not present, so skipping root file system
[    9.738606] EXT4-fs (sda1): mounted filesystem with ordered data mode. Opts: (null)
done.
Begin: Running /scripts/local-bottom ... done.
Begin: Running /scripts/init-bottom ... done.
[    9.845749] ip_tables: (C) 2000-2006 Netfilter Core Team
[    9.850158] systemd[1]: systemd 237 running in system mode. (+PAM +AUDIT +SELINUX +IMA +APPARMOR +SMACK +SYSVINIT +UTMP +LIBCRYPTSETUP +GCRYPT +GNUTLS +ACL +XZ +LZ4 +SECCOMP +BLKID +ELFUTILS +KMOD -IDN2 +IDN -PCRE2 default-hierarchy=hybrid)
[    9.852313] systemd[1]: Detected virtualization oracle.
[    9.853589] systemd[1]: Detected architecture x86-64.

Welcome to [1mUbuntu 18.04.6 LTS[0m!

[    9.858319] systemd[1]: Set hostname to <ubuntu>.
[    9.859716] systemd[1]: Initializing machine ID from random generator.
[    9.860453] systemd[1]: Installed transient /etc/machine-id file.
[    9.993350] systemd[1]: Created slice System Slice.
[[0;32m  OK  [0m] Created slice System Slice.
[    9.994521] systemd[1]: Created slice system-serial\x2dgetty.slice.
[[0;32m  OK  [0m] Created slice system-serial\x2dgetty.slice.
[    9.995718] systemd[1]: Listening on /dev/initctl Compatibility Named Pipe.
[[0;32m  OK  [0m] Listening on /dev/initctl Compatibility Named Pipe.
[    9.997043] systemd[1]: Listening on Device-mapper event daemon FIFOs.
[[0;32m  OK  [0m] Listening on Device-mapper event daemon FIFOs.
[[0;32m  OK  [0m] Listening on LVM2 metadata daemon socket.
[[0;32m  OK  [0m] Reached target Mounting snaps.
[[0;32m  OK  [0m] Listening on Network Service Netlink Socket.
[[0;32m  OK  [0m] Reached target Mounted snaps.
[[0;32m  OK  [0m] Listening on LVM2 poll daemon socket.
[[0;32m  OK  [0m] Reached target User and Group Name Lookups.
[[0;32m  OK  [0m] Listening on Journal Socket.
         Starting Create list of required st…ce nodes for the current kernel...
         Starting Uncomplicated firewall...
         Starting Monitoring of LVM2 mirrors…ng dmeventd or progress polling...
[[0;32m  OK  [0m] Reached target Swap.
[[0;32m  OK  [0m] Listening on Journal Socket (/dev/log).
         Mounting Huge Pages File System...
[[0;32m  OK  [0m] Created slice User and Session Slice.
[[0;32m  OK  [0m] Listening on udev Kernel Socket.
[[0;32m  OK  [0m] Listening on fsck to fsckd communication Socket.
[[0;32m  OK  [0m] Set up automount Arbitrary Executab…rmats File System Automount Point.
[[0;32m  OK  [0m] Listening on udev Control Socket.
[[0;32m  OK  [0m] Listening on Journal Audit Socket.
[[0;32m  OK  [0m] Listening on Syslog Socket.
         Starting Journal Service...
[[0;32m  OK  [0m] Reached target Slices.
         Starting Load Kernel Modules...
         Mounting POSIX Message Queue File System...
         Starting udev Coldplug all Devices...
         Starting File System Check on Root Device...
[[0;32m  OK  [0m] Started Forward Password Requests to Wall Directory Watch.
         Mounting Kernel Debug File System...
[[0;32m  OK  [0m] Reached target System Time Synchronized.
         Starting Set the console keyboard layout...
[[0;32m  OK  [0m] Started Create list of required sta…vice nodes for the current kernel.
[[0;32m  OK  [0m] Started Uncomplicated firewall.
[[0;32m  OK  [0m] Mounted Huge Pages File System.
[[0;32m  OK  [0m] Mounted POSIX Message Queue File System.
[[0;32m  OK  [0m] Mounted Kernel Debug File System.
         Starting Create Static Device Nodes in /dev...
[[0;32m  OK  [0m] Started LVM2 metadata daemon.
[   10.049823] Loading iSCSI transport class v2.0-870.
[[0;32m  OK  [0m] Started Journal Service.
[   10.053661] iscsi: registered transport (tcp)
[   10.063901] iscsi: registered transport (iser)
[[0;32m  OK  [0m] Started Load Kernel Modules.
         Mounting FUSE Control File System...
         Starting Apply Kernel Variables...
         Mounting Kernel Configuration File System...
[[0;32m  OK  [0m] Mounted FUSE Control File System.
[[0;32m  OK  [0m] Mounted Kernel Configuration File System.
[[0;32m  OK  [0m] Started File System Check Daemon to report status.
[[0;32m  OK  [0m] Started udev Coldplug all Devices.
[[0;32m  OK  [0m] Started Create Static Device Nodes in /dev.
[[0;32m  OK  [0m] Started File System Check on Root Device.
[[0;32m  OK  [0m] Started Monitoring of LVM2 mirrors,…sing dmeventd or progress polling.
[[0;32m  OK  [0m] Started Apply Kernel Variables.
         Starting Remount Root and Kernel File Systems...
[[0;32m  OK  [0m] Started Remount Root and Kernel File Systems.
         Starting Load/Save Random Seed...
         Starting udev Kernel Device Manager...
         Starting Flush Journal to Persistent Storage...
[[0;32m  OK  [0m] Started Load/Save Random Seed.
[[0;32m  OK  [0m] Started Set the console keyboard layout.
[[0;32m  OK  [0m] Reached target Local File Systems (Pre).
[[0;32m  OK  [0m] Reached target Local File Systems.
         Starting Commit a transient machine-id on disk...
         Starting Tell Plymouth To Write Out Runtime Data...
         Starting AppArmor initialization...
         Starting Set console font and keymap...
         Starting ebtables ruleset management...
[[0;32m  OK  [0m] Started udev Kernel Device Manager.
[[0;32m  OK  [0m] Started Dispatch Password Requests to Console Directory Watch.
[[0;32m  OK  [0m] Reached target Local Encrypted Volumes.
[[0;32m  OK  [0m] Started Tell Plymouth To Write Out Runtime Data.
[[0;32m  OK  [0m] Started Set console font and keymap.
[[0;32m  OK  [0m] Started Flush Journal to Persistent Storage.
         Starting Create Volatile Files and Directories...
[[0;32m  OK  [0m] Started Create Volatile Files and Directories.
         Starting Update UTMP about System Boot/Shutdown...
[[0;32m  OK  [0m] Started Commit a transient machine-id on disk.
[[0;32m  OK  [0m] Started Update UTMP about System Boot/Shutdown.
[[0;32m  OK  [0m] Started ebtables ruleset management.
[[0;32m  OK  [0m] Found device /dev/ttyS0.
[[0;32m  OK  [0m] Listening on Load/Save RF Kill Switch Status /dev/rfkill Watch.
         Mounting Arbitrary Executable File Formats File System...
[[0;32m  OK  [0m] Mounted Arbitrary Executable File Formats File System.
[[0;32m  OK  [0m] Started AppArmor initialization.
         Starting Load AppArmor profiles managed internally by snapd...
         Starting Initial cloud-init job (pre-networking)...
[[0;32m  OK  [0m] Started Load AppArmor profiles managed internally by snapd.
[   11.496351] cloud-init[578]: Cloud-init v. 23.1.2-0ubuntu0~18.04.1 running 'init-local' at Sat, 20 May 2023 03:56:57 +0000. Up 11.28 seconds.
[[0;32m  OK  [0m] Started Initial cloud-init job (pre-networking).
[[0;32m  OK  [0m] Reached target Network (Pre).
         Starting Network Service...
[[0;32m  OK  [0m] Started Network Service.
         Starting Network Name Resolution...
         Starting Wait for Network to be Configured...
[[0;32m  OK  [0m] Started Network Name Resolution.
[[0;32m  OK  [0m] Reached target Network.
[[0;32m  OK  [0m] Reached target Host and Network Name Lookups.
[[0;32m  OK  [0m] Started Wait for Network to be Configured.
         Starting Initial cloud-init job (metadata service crawler)...
[   13.532087] cloud-init[702]: Cloud-init v. 23.1.2-0ubuntu0~18.04.1 running 'init' at Sat, 20 May 2023 03:56:59 +0000. Up 13.44 seconds.
[   13.533844] cloud-init[702]: ci-info: ++++++++++++++++++++++++++++++++++++++Net device info++++++++++++++++++++++++++++++++++++++
[   13.534705] cloud-init[702]: ci-info: +--------+------+----------------------------+---------------+--------+-------------------+
[   13.535613] cloud-init[702]: ci-info: | Device |  Up  |          Address           |      Mask     | Scope  |     Hw-Address    |
[   13.536543] cloud-init[702]: ci-info: +--------+------+----------------------------+---------------+--------+-------------------+
[   13.537492] cloud-init[702]: ci-info: | enp0s3 | True |         10.0.2.15          | 255.255.255.0 | global | 02:3e:6f:b6:28:d7 |
[   13.538386] cloud-init[702]: ci-info: | enp0s3 | True | fe80::3e:6fff:feb6:28d7/64 |       .       |  link  | 02:3e:6f:b6:28:d7 |
[   13.539283] cloud-init[702]: ci-info: |   lo   | True |         127.0.0.1          |   255.0.0.0   |  host  |         .         |
[   13.540196] cloud-init[702]: ci-info: |   lo   | True |          ::1/128           |       .       |  host  |         .         |
[   13.541135] cloud-init[702]: ci-info: +--------+------+----------------------------+---------------+--------+-------------------+
[   13.542032] cloud-init[702]: ci-info: ++++++++++++++++++++++++++++Route IPv4 info+++++++++++++++++++++++++++++
[   13.542833] cloud-init[702]: ci-info: +-------+-------------+----------+-----------------+-----------+-------+
[   13.543625] cloud-init[702]: ci-info: | Route | Destination | Gateway  |     Genmask     | Interface | Flags |
[   13.544447] cloud-init[702]: ci-info: +-------+-------------+----------+-----------------+-----------+-------+
[   13.545226] cloud-init[702]: ci-info: |   0   |   0.0.0.0   | 10.0.2.2 |     0.0.0.0     |   enp0s3  |   UG  |
[   13.545996] cloud-init[702]: ci-info: |   1   |   10.0.2.0  | 0.0.0.0  |  255.255.255.0  |   enp0s3  |   U   |
[   13.547617] cloud-init[702]: ci-info: |   2   |   10.0.2.2  | 0.0.0.0  | 255.255.255.255 |   enp0s3  |   UH  |
[   13.548428] cloud-init[702]: ci-info: +-------+-------------+----------+-----------------+-----------+-------+
[   13.549154] cloud-init[702]: ci-info: +++++++++++++++++++Route IPv6 info+++++++++++++++++++
[   13.549817] cloud-init[702]: ci-info: +-------+-------------+---------+-----------+-------+
[   13.550504] cloud-init[702]: ci-info: | Route | Destination | Gateway | Interface | Flags |
[   13.551164] cloud-init[702]: ci-info: +-------+-------------+---------+-----------+-------+
[   13.551843] cloud-init[702]: ci-info: |   1   |  fe80::/64  |    ::   |   enp0s3  |   U   |
[   13.552590] cloud-init[702]: ci-info: |   3   |    local    |    ::   |   enp0s3  |   U   |
[   13.553272] cloud-init[702]: ci-info: |   4   |   ff00::/8  |    ::   |   enp0s3  |   U   |
[   13.554034] cloud-init[702]: ci-info: +-------+-------------+---------+-----------+-------+
[   14.096685] cloud-init[702]: Generating public/private rsa key pair.
[   14.097381] cloud-init[702]: Your identification has been saved in /etc/ssh/ssh_host_rsa_key.
[   14.098139] cloud-init[702]: Your public key has been saved in /etc/ssh/ssh_host_rsa_key.pub.
[   14.098857] cloud-init[702]: The key fingerprint is:
[   14.099393] cloud-init[702]: SHA256:DAFPONv2WgqG7nlNhIYbq0+guhRSp2o4uSTJ/Kk9ujU root@ubuntu-bionic
[   14.100253] cloud-init[702]: The key's randomart image is:
[   14.100775] cloud-init[702]: +---[RSA 2048]----+
[   14.101236] cloud-init[702]: |    .oo          |
[   14.101701] cloud-init[702]: |    oo .         |
[   14.102159] cloud-init[702]: |  ...=o          |
[   14.102646] cloud-init[702]: | .oo+ +o         |
[   14.103144] cloud-init[702]: |o..* o .S        |
[   14.103600] cloud-init[702]: |*== o . o        |
[   14.104090] cloud-init[702]: |OO.E + +         |
[   14.104552] cloud-init[702]: |B+=o+ +          |
[   14.104999] cloud-init[702]: |+BB=.            |
[   14.105498] cloud-init[702]: +----[SHA256]-----+
[   14.105968] cloud-init[702]: Generating public/private dsa key pair.
[   14.106544] cloud-init[702]: Your identification has been saved in /etc/ssh/ssh_host_dsa_key.
[   14.107253] cloud-init[702]: Your public key has been saved in /etc/ssh/ssh_host_dsa_key.pub.
[   14.107956] cloud-init[702]: The key fingerprint is:
[   14.108494] cloud-init[702]: SHA256:j7vbR49YzBAerCZJc2QZu+FF7oyCi1ANYG4dTABY+aM root@ubuntu-bionic
[   14.109361] cloud-init[702]: The key's randomart image is:
[   14.109862] cloud-init[702]: +---[DSA 1024]----+
[   14.110325] cloud-init[702]: |==*+   .++.      |
[   14.110791] cloud-init[702]: |+ o+. o.o++      |
[   14.111247] cloud-init[702]: | o.o.. +oooo     |
[   14.111705] cloud-init[702]: |..  o.o.oBo      |
[   14.112215] cloud-init[702]: |.  ....oS o+     |
[   14.112690] cloud-init[702]: | .E. . . o  =    |
[   14.113247] cloud-init[702]: |  . .   . .+ o   |
[   14.113712] cloud-init[702]: |         o. o .  |
[   14.114267] cloud-init[702]: |        +o..     |
[   14.114730] cloud-init[702]: +----[SHA256]-----+
[   14.115190] cloud-init[702]: Generating public/private ecdsa key pair.
[   14.115768] cloud-init[702]: Your identification has been saved in /etc/ssh/ssh_host_ecdsa_key.
[   14.116507] cloud-init[702]: Your public key has been saved in /etc/ssh/ssh_host_ecdsa_key.pub.
[   14.117224] cloud-init[702]: The key fingerprint is:
[   14.117704] cloud-init[702]: SHA256:ULEiEuak58l2NWwWpI1ihzQKZGiMm/ml910oaB7/K1E root@ubuntu-bionic
[   14.118434] cloud-init[702]: The key's randomart image is:
[   14.118945] cloud-init[702]: +---[ECDSA 256]---+
[   14.119379] cloud-init[702]: |*o*  .o o.       |
[   14.119918] cloud-init[702]: |=X + = o .       |
[   14.120416] cloud-init[702]: |++B = X .        |
[   14.120880] cloud-init[702]: |+= =.= +E        |
[   14.121339] cloud-init[702]: | .=o.. .S.       |
[   14.121802] cloud-init[702]: | .o.= o . .      |
[   14.122264] cloud-init[702]: |   + + + .       |
[   14.122724] cloud-init[702]: |    . + .        |
[   14.123183] cloud-init[702]: |       oo.       |
[   14.123640] cloud-init[702]: +----[SHA256]-----+
[   14.124121] cloud-init[702]: Generating public/private ed25519 key pair.
[   14.124706] cloud-init[702]: Your identification has been saved in /etc/ssh/ssh_host_ed25519_key.
[   14.125432] cloud-init[702]: Your public key has been saved in /etc/ssh/ssh_host_ed25519_key.pub.[[0;32m  OK  [0m] Started Initial cloud-init job (metadata service crawler).
[[0;32m  OK  [0m] Reached target Network is Online.

[   14.127107] cloud-init[702]: The key fingerprint is:         Starting Availability of block devices...
[[0;32m  OK  [0m] Reached target Remote File Systems (Pre).
[[0;32m  OK  [0m] Reached target Remote File Systems.
[[0;32m  OK  [0m] Reached target Cloud-config availability.
[[0;32m  OK  [0m] Reached target System Initialization.
[[0;32m  OK  [0m] Started Discard unused blocks once a week.
[[0;32m  OK  [0m] Started Message of the Day.
[[0;32m  OK  [0m] Listening on D-Bus System Message Bus Socket.
[[0;32m  OK  [0m] Listening on UUID daemon activation socket.
[[0;32m  OK  [0m] Listening on Open-iSCSI iscsid Socket.
[[0;32m  OK  [0m] Listening on ACPID Listen Socket.
[[0;32m  OK  [0m] Started Daily apt download activities.
[[0;32m  OK  [0m] Started Daily apt upgrade and clean activities.
         Starting Socket activation for snappy daemon.
[[0;32m  OK  [0m] Started ACPI Events Check.
[[0;32m  OK  [0m] Reached target Paths.
[[0;32m  OK  [0m] Listening on cloud-init hotplug hook socket.

         Starting LXD - unix socket.
[[0;32m  OK  [0m] Started Daily Cleanup of Temporary Directories.
[[0;32m  OK  [0m] Started Ubuntu Advantage Timer for running repeated jobs.
[[0;32m  OK  [0m] Reached target Timers.
[   14.138777] cloud-init[[0;32m  OK  [0m] Listening on Socket activation for snappy daemon.
[[0;32m  OK  [0m] Listening on LXD - unix socket.
[[0;32m  OK  [0m] Reached target Sockets.
[[0;32m  OK  [0m] Reached target Basic System.
[702]: SHA256:11QOczWnizzd0Ko9czCeRL96akL81QT+YdvWD0gk1XQ root@ubuntu-bionic
[   14.142216] cloud-init[702]: [[0;32m  OK  [0m] Started Regular background program processing daemon.
The key's randomart image is:         Starting LXD - container startup/shutdown...
[[0;32m  OK  [0m] Reached target Login Prompts (Pre).
[[0;32m  OK  [0m] Started Deferred execution scheduler.
         Starting Accounts Service...
         Starting Dispatcher daemon for systemd-networkd...

[   14.146057] cloud-init[702]:          Starting Pollinate to seed the pseudo random number generator...
+--[ED25519 256]--+
[[0;32m  OK  [0m] Started irqbalance daemon.
[   14.150608] cloud-init[702]: |           .+o+oE|
[   14.151107]          Starting Virtualbox guest utils...
         Starting LSB: automatic crash report generation...
         Starting System Logging Service...
         Starting LSB: Record successful boot for GRUB...
         Starting Permit User Sessions...
[[0;32m  OK  [0m] Started D-Bus System Message Bus.
cloud-init[702]: |          . .*o+o|
[   14.156133] cloud-init[702]: |           o..=..|
[   14.157161] cloud-init[702]: |           +.+.O.|
[   14.157636] cloud-init[702]: |        S o.=.OoO|
[   14.158095] cloud-init[702]: |         . o.*.*B|
[   14.158557] cloud-init[702]: |          . o B+o|
[   14.159261] cloud-init[702]: |           . o.=.|
[   14.160765] cloud-init[702]: |            ooo  |
[   14.161235] cloud-init[702]: +----[SHA256]-----+
         Starting Snap Daemon...
[[0;32m  OK  [0m] Started FUSE filesystem for LXC.
         Starting Login Service...
[[0;32m  OK  [0m] Started System Logging Service.
[[0;32m  OK  [0m] Started Availability of block devices.
[[0;32m  OK  [0m] Started LXD - container startup/shutdown.
[[0;32m  OK  [0m] Started Permit User Sessions.
         Starting Authorization Manager...
         Starting Hold until boot process finishes up...
         Starting Terminate Plymouth Boot Screen...
[[0;32m  OK  [0m] Started Hold until boot process finishes up.
[[0;32m  OK  [0m] Started Serial Getty on ttyS0.
         Starting Set console scheme...
[[0;32m  OK  [0m] Started Login Service.
[[0;32m  OK  [0m] Started Unattended Upgrades Shutdown.
[[0;32m  OK  [0m] Started Terminate Plymouth Boot Screen.
[[0;32m  OK  [0m] Started Authorization Manager.
[[0;32m  OK  [0m] Started Accounts Service.
[[0;32m  OK  [0m] Started Set console scheme.
[[0;32m  OK  [0m] Created slice system-getty.slice.
[[0;32m  OK  [0m] Started Getty on tty1.
[[0;32m  OK  [0m] Reached target Login Prompts.
[[0;32m  OK  [0m] Started LSB: automatic crash report generation.
[[0;32m  OK  [0m] Started Dispatcher daemon for systemd-networkd.
[[0;32m  OK  [0m] Started LSB: Record successful boot for GRUB.
[[0;32m  OK  [0m] Started Virtualbox guest utils.
[[0;32m  OK  [0m] Started Snap Daemon.
         Starting Wait until snapd is fully seeded...
         Starting Time & Date Service...
[[0;32m  OK  [0m] Started Time & Date Service.
[[0;32m  OK  [0m] Started Wait until snapd is fully seeded.
         Starting Apply the settings specified in cloud-config...
[   15.945288] cloud-init[1227]: Cloud-init v. 23.1.2-0ubuntu0~18.04.1 running 'modules:config' at Sat, 20 May 2023 03:57:01 +0000. Up 15.72 seconds.
[[0;32m  OK  [0m] Started Apply the settings specified in cloud-config.
[[0;32m  OK  [0m] Started Pollinate to seed the pseudo random number generator.
         Starting OpenBSD Secure Shell server...
[[0;32m  OK  [0m] Started OpenBSD Secure Shell server.
[[0;32m  OK  [0m] Reached target Multi-User System.
[[0;32m  OK  [0m] Reached target Graphical Interface.
         Starting Execute cloud user/final scripts...
         Starting Update UTMP about System Runlevel Changes...
[[0;32m  OK  [0m] Started Update UTMP about System Runlevel Changes.
[[0;32m  OK  [0m] Created slice User Slice of vagrant.
         Starting User Manager for UID 1000...
[[0;32m  OK  [0m] Started Session 1 of user vagrant.
[[0;32m  OK  [0m] Started User Manager for UID 1000.
ci-info: no authorized SSH keys fingerprints found for user ubuntu.
<14>May 20 03:57:02 cloud-init: #############################################################
<14>May 20 03:57:02 cloud-init: -----BEGIN SSH HOST KEY FINGERPRINTS-----
<14>May 20 03:57:02 cloud-init: 1024 SHA256:j7vbR49YzBAerCZJc2QZu+FF7oyCi1ANYG4dTABY+aM root@ubuntu-bionic (DSA)
<14>May 20 03:57:02 cloud-init: 256 SHA256:ULEiEuak58l2NWwWpI1ihzQKZGiMm/ml910oaB7/K1E root@ubuntu-bionic (ECDSA)
<14>May 20 03:57:02 cloud-init: 256 SHA256:11QOczWnizzd0Ko9czCeRL96akL81QT+YdvWD0gk1XQ root@ubuntu-bionic (ED25519)
<14>May 20 03:57:02 cloud-init: 2048 SHA256:DAFPONv2WgqG7nlNhIYbq0+guhRSp2o4uSTJ/Kk9ujU root@ubuntu-bionic (RSA)
<14>May 20 03:57:02 cloud-init: -----END SSH HOST KEY FINGERPRINTS-----
<14>May 20 03:57:02 cloud-init: #############################################################
-----BEGIN SSH HOST KEY KEYS-----
ecdsa-sha2-nistp256 AAAAE2VjZHNhLXNoYTItbmlzdHAyNTYAAAAIbmlzdHAyNTYAAABBBL6mcrlIz7ZYNwInk5FVm1JW/lT+5DCA5YbwTLJTE6aulawapmg2PpqGMzPcJm6delsSHsFB5xrPFbufE6zDXuY= root@ubuntu-bionic
ssh-ed25519 AAAAC3NzaC1lZDI1NTE5AAAAIEqiSuftYq5IBBFlN7MOPWNkIhdiykxEW4exvRzOZSQR root@ubuntu-bionic
ssh-rsa AAAAB3NzaC1yc2EAAAADAQABAAABAQCyPP9aTZpfdJFhglBLr7JEfQlP/OnfsHXqo22LxuhXgyknXV8d/0Qy1wWUveq8ozbZWLJ4N+6wf5X7vMDDkcZ7+uqCHtG5zJYypDDseHhM3vOsMxt+BCuTbqV3UELaz4DplvvC2318+RbLfewKof0vGk43KKEo1xKekYCUzEQc0CTCj9yI3enEethbnk0fdFNbbPkQYsXFpjv76TKsP7UqtdADlRDGYpjdk1zgyvSCKWjlo+i26W/GEAH45Rd5WkANy1DazRw4kUDmQmopbENPvY1YIe454raw2urL1CHGXc4KdZuLuU9TkNxnqJBBQozj+i2IpS+dzFAQmah1td9J root@ubuntu-bionic
-----END SSH HOST KEY KEYS-----
[   16.705737] cloud-init[1298]: Cloud-init v. 23.1.2-0ubuntu0~18.04.1 running 'modules:final' at Sat, 20 May 2023 03:57:02 +0000. Up 16.53 seconds.
[   16.706690] cloud-init[1298]: Cloud-init v. 23.1.2-0ubuntu0~18.04.1 finished at Sat, 20 May 2023 03:57:02 +0000. Datasource DataSourceNoCloud [seed=/dev/sdb][dsmode=net].  Up 16.70 seconds
[[0;32m  OK  [0m] Started Execute cloud user/final scripts.
[[0;32m  OK  [0m] Reached target Cloud-init target.

Ubuntu 18.04.6 LTS ubuntu-bionic ttyS0

ubuntu-bionic login: [  176.805374] systemd-fstab-generator[18122]: Failed to create unit file /run/systemd/generator/swapdir-swapfile.swap, as it already exists. Duplicate entry in /etc/fstab?
[  176.958647] systemd-fstab-generator[18152]: Failed to create unit file /run/systemd/generator/swapdir-swapfile.swap, as it already exists. Duplicate entry in /etc/fstab?
[  177.605692] systemd-fstab-generator[18228]: Failed to create unit file /run/systemd/generator/swapdir-swapfile.swap, as it already exists. Duplicate entry in /etc/fstab?
[  177.819827] systemd-fstab-generator[18256]: Failed to create unit file /run/systemd/generator/swapdir-swapfile.swap, as it already exists. Duplicate entry in /etc/fstab?
[  177.971465] systemd-fstab-generator[18282]: Failed to create unit file /run/systemd/generator/swapdir-swapfile.swap, as it already exists. Duplicate entry in /etc/fstab?
[  178.094049] systemd-fstab-generator[18310]: Failed to create unit file /run/systemd/generator/swapdir-swapfile.swap, as it already exists. Duplicate entry in /etc/fstab?
[  178.989580] systemd-fstab-generator[18507]: Failed to create unit file /run/systemd/generator/swapdir-swapfile.swap, as it already exists. Duplicate entry in /etc/fstab?
         Stopping User Manager for UID 1000...
[[0;32m  OK  [0m] Stopped target Timers.
         Stopping Authorization Manager...
[[0;32m  OK  [0m] Stopped Daily apt upgrade and clean activities.
         Stopping Session 19 of user vagrant.
[[0;32m  OK  [0m] Stopped target Host and Network Name Lookups.
[[0;32m  OK  [0m] Closed Load/Save RF Kill Switch Status /dev/rfkill Watch.
         Stopping Availability of block devices...
[[0;32m  OK  [0m] Stopped Discard unused blocks once a week.
[[0;32m  OK  [0m] Stopped target Cloud-init target.
[[0;32m  OK  [0m] Stopped Execute cloud user/final scripts.
[[0;32m  OK  [0m] Stopped Daily Cleanup of Temporary Directories.
[[0;32m  OK  [0m] Stopped Daily apt download activities.
[[0;32m  OK  [0m] Stopped Ubuntu Advantage Timer for running repeated jobs.
[[0;32m  OK  [0m] Stopped target Graphical Interface.
[[0;32m  OK  [0m] Stopped target Multi-User System.
         Stopping irqbalance daemon...
         Stopping FUSE filesystem for LXC...
         Stopping LSB: automatic crash report generation...
         Stopping D-Bus System Message Bus...
         Stopping Dispatcher daemon for systemd-networkd...
[[0;32m  OK  [0m] Stopped target Login Prompts.
         Stopping Serial Getty on ttyS0...
         Stopping Getty on tty1...
         Stopping OpenBSD Secure Shell server...
         Stopping Docker Application Container Engine...
         Stopping System Logging Service...
         Stopping LXD - container startup/shutdown...
         Stopping LSB: Record successful boot for GRUB...
         Stopping vboxadd-service.service...
         Stopping Regular background program processing daemon...
         Stopping Deferred execution scheduler...
[[0;32m  OK  [0m] Stopped Message of the Day.
[[0;32m  OK  [0m] Stopped target System Time Synchronized.
[[0;32m  OK  [0m] Stopped Apply the settings specified in cloud-config.
[[0;32m  OK  [0m] Stopped target Cloud-config availability.
[[0;32m  OK  [0m] Stopped Wait until snapd is fully seeded.
         Stopping Accounts Service...
[[0;32m  OK  [0m] Unmounted /var/lib/lxcfs.
[[0;32m  OK  [0m] Stopped Regular background program processing daemon.
[[0;32m  OK  [0m] Stopped Deferred execution scheduler.
[[0;32m  OK  [0m] Stopped Dispatcher daemon for systemd-networkd.
[[0;32m  OK  [0m] Stopped irqbalance daemon.
[[0;32m  OK  [0m] Stopped Serial Getty on ttyS0.
[[0;32m  OK  [0m] Stopped Getty on tty1.
[[0;32m  OK  [0m] Stopped Authorization Manager.
[[0;32m  OK  [0m] Stopped Session 19 of user vagrant.
[[0;32m  OK  [0m] Stopped OpenBSD Secure Shell server.
[[0;32m  OK  [0m] Removed slice system-getty.slice.
[[0;32m  OK  [0m] Stopped target Login Prompts (Pre).
[[0;32m  OK  [0m] Removed slice system-serial\x2dgetty.slice.
[[0;32m  OK  [0m] Stopped User Manager for UID 1000.
[[0;32m  OK  [0m] Removed slice User Slice of vagrant.
         Stopping Login Service...
         Stopping Permit User Sessions...
[[0;32m  OK  [0m] Stopped LXD - container startup/shutdown.
[[0;32m  OK  [0m] Stopped D-Bus System Message Bus.
[[0;32m  OK  [0m] Stopped Accounts Service.
[[0;32m  OK  [0m] Stopped Availability of block devices.
[[0;32m  OK  [0m] Stopped Permit User Sessions.
[[0;32m  OK  [0m] Stopped Login Service.
[[0;32m  OK  [0m] Stopped target User and Group Name Lookups.
[[0;32m  OK  [0m] Stopped System Logging Service.
[[0;32m  OK  [0m] Stopped FUSE filesystem for LXC.
[[0;32m  OK  [0m] Stopped LSB: Record successful boot for GRUB.
[[0;32m  OK  [0m] Stopped LSB: automatic crash report generation.
[[0;32m  OK  [0m] Stopped target Remote File Systems.
         Unmounting /vagrant...
[[0;32m  OK  [0m] Stopped vboxadd-service.service.
         Stopping vboxadd.service...
[[0;32m  OK  [0m] Unmounted /vagrant.
[[0;32m  OK  [0m] Stopped target Remote File Systems (Pre).
[[0;32m  OK  [0m] Stopped vboxadd.service.
[[0;32m  OK  [0m] Unmounted /run/docker/netns/0469993ff7be.
[[0;32m  OK  [0m] Unmounted /var/lib/docker/overlay2/…2918e813e4772bc1a864547312/merged.
[[0;32m  OK  [0m] Unmounted /run/docker/netns/0ec5560ba07b.
[[0;32m  OK  [0m] Unmounted /var/lib/docker/overlay2/…31ccc1d117270d17025782daff/merged.
[[0;32m  OK  [0m] Unmounted /run/docker/netns/170f1d1ff816.
[[0;32m  OK  [0m] Unmounted /var/lib/docker/overlay2/…655ccbd183ad4703bebe52bbb3/merged.
[[0;32m  OK  [0m] Stopped Docker Application Container Engine.
[[0;32m  OK  [0m] Stopped target Network is Online.
         Stopping containerd container runtime...
[[0;32m  OK  [0m] Stopped containerd container runtime.
[[0;32m  OK  [0m] Stopped target Basic System.
[[0;32m  OK  [0m] Stopped target Paths.
[[0;32m  OK  [0m] Stopped ACPI Events Check.
[[0;32m  OK  [0m] Stopped target Sockets.
[[0;32m  OK  [0m] Closed ACPID Listen Socket.
[[0;32m  OK  [0m] Closed Open-iSCSI iscsid Socket.
[[0;32m  OK  [0m] Closed Docker Socket for the API.
[[0;32m  OK  [0m] Closed cloud-init hotplug hook socket.
[[0;32m  OK  [0m] Closed Syslog Socket.
[[0;32m  OK  [0m] Closed D-Bus System Message Bus Socket.
[[0;32m  OK  [0m] Closed LXD - unix socket.
[[0;32m  OK  [0m] Closed UUID daemon activation socket.
[[0;32m  OK  [0m] Closed Socket activation for snappy daemon.
[[0;32m  OK  [0m] Stopped target Slices.
[[0;32m  OK  [0m] Removed slice User and Session Slice.
[[0;32m  OK  [0m] Stopped target Network.
         Stopping Network Name Resolution...
[[0;32m  OK  [0m] Stopped target System Initialization.
         Stopping Load/Save Random Seed...
[[0;32m  OK  [0m] Stopped target Local Encrypted Volumes.
[[0;32m  OK  [0m] Stopped Forward Password Requests to Wall Directory Watch.
[[0;32m  OK  [0m] Stopped Dispatch Password Requests to Console Directory Watch.
[[0;32m  OK  [0m] Stopped Initial cloud-init job (metadata service crawler).
[[0;32m  OK  [0m] Stopped Wait for Network to be Configured.
[[0;32m  OK  [0m] Stopped Commit a transient machine-id on disk.
         Stopping Update UTMP about System Boot/Shutdown...
[[0;32m  OK  [0m] Stopped Network Name Resolution.
         Stopping Network Service...
[[0;32m  OK  [0m] Stopped Update UTMP about System Boot/Shutdown.
[[0;32m  OK  [0m] Stopped Create Volatile Files and Directories.
[[0;32m  OK  [0m] Stopped target Local File Systems.
         Unmounting /run/user/1000...
[[0;32m  OK  [0m] Stopped target Mounted snaps.
[[0;32m  OK  [0m] Stopped target Mounting snaps.
[[0;32m  OK  [0m] Stopped Load/Save Random Seed.
[[0;32m  OK  [0m] Unmounted /run/user/1000.
[[0;32m  OK  [0m] Stopped target Swap.
         Deactivating swap /swapdir/swapfile...
[[0;32m  OK  [0m] Stopped target Local File Systems (Pre).
[[0;32m  OK  [0m] Stopped Create Static Device Nodes in /dev.
         Stopping Monitoring of LVM2 mirrors…ng dmeventd or progress polling...
[[0;32m  OK  [0m] Stopped Network Service.
[[0;32m  OK  [0m] Stopped target Network (Pre).
[[0;32m  OK  [0m] Stopped Initial cloud-init job (pre-networking).
[[0;32m  OK  [0m] Stopped Apply Kernel Variables.
[[0;32m  OK  [0m] Stopped Load Kernel Modules.
[[0;32m  OK  [0m] Deactivated swap /swapdir/swapfile.
[[0;32m  OK  [0m] Reached target Unmount All Filesystems.
[[0;32m  OK  [0m] Stopped Remount Root and Kernel File Systems.
[[0;32m  OK  [0m] Reached target Shutdown.
[[0;32m  OK  [0m] Reached target Final Step.
         Starting Power-Off...
[  892.334746] reboot: Power down
